<?xml version="1.0" encoding="UTF-8"?>
<testsuite xmlns:xsi="http://www.w3.org/2001/XMLSchema-instance" xsi:noNamespaceSchemaLocation="https://maven.apache.org/surefire/maven-surefire-plugin/xsd/surefire-test-report-3.0.xsd" version="3.0" name="com.example.servicea.client.UuidClientTest" time="70.358" tests="5" errors="0" skipped="0" failures="0">
  <properties>
[...]
</properties>
  <testcase name="testGetSingleUuid_WithError_ShouldRetry" classname="com.example.servicea.client.UuidClientTest" time="3.802">
    <system-out><![CDATA[21:57:03.204 [reactor-http-epoll-2] WARN com.example.servicea.client.UuidClient -- Повторная попытка запроса UUID, попытка 1
21:57:04.283 [reactor-http-epoll-2] WARN com.example.servicea.client.UuidClient -- Повторная попытка запроса UUID, попытка 2
21:57:06.375 [reactor-http-epoll-2] INFO com.example.servicea.client.UuidClient -- Получен UUID: uuid-after-retry
]]></system-out>
  </testcase>
  <testcase name="testGetSingleUuid_ShouldNotBeEmpty" classname="com.example.servicea.client.UuidClientTest" time="0.008">
    <system-out><![CDATA[21:57:06.389 [reactor-http-epoll-3] INFO com.example.servicea.client.UuidClient -- Получен UUID: another-uuid-67890
]]></system-out>
  </testcase>
  <testcase name="testGetCustomUuid_ShouldSendPostRequest" classname="com.example.servicea.client.UuidClientTest" time="0.012">
    <system-out><![CDATA[21:57:06.402 [reactor-http-epoll-4] INFO com.example.servicea.client.UuidClient -- Получен custom UUID: custom-uuid-67890
]]></system-out>
  </testcase>
  <testcase name="testGetSingleUuid_WithTimeout_ShouldFail" classname="com.example.servicea.client.UuidClientTest" time="66.508">
    <system-out><![CDATA[21:57:21.407 [parallel-8] WARN com.example.servicea.client.UuidClient -- Повторная попытка запроса UUID, попытка 1
21:57:37.510 [parallel-10] WARN com.example.servicea.client.UuidClient -- Повторная попытка запроса UUID, попытка 2
21:57:54.204 [parallel-12] WARN com.example.servicea.client.UuidClient -- Повторная попытка запроса UUID, попытка 3
21:58:12.910 [parallel-14] ERROR com.example.servicea.client.UuidClient -- Ошибка при получении UUID: Retries exhausted: 3/3
]]></system-out>
  </testcase>
  <testcase name="testGetSingleUuid_ShouldReturnUuid" classname="com.example.servicea.client.UuidClientTest" time="0.007">
    <system-out><![CDATA[21:58:12.919 [reactor-http-epoll-9] INFO com.example.servicea.client.UuidClient -- Получен UUID: test-uuid-12345
]]></system-out>
  </testcase>
</testsuite>