<?xml version="1.0" encoding="UTF-8"?>
<testsuite xmlns:xsi="http://www.w3.org/2001/XMLSchema-instance" xsi:noNamespaceSchemaLocation="https://maven.apache.org/surefire/maven-surefire-plugin/xsd/surefire-test-report-3.0.xsd" version="3.0" name="com.example.serviceb.service.InefficientUuidServiceTest" time="3.206" tests="8" errors="0" skipped="0" failures="0">
  <properties>
[...]
</properties>
  <testcase name="testGenerateUuidFlux_ShouldReturnMultipleUuids" classname="com.example.serviceb.service.InefficientUuidServiceTest" time="0.791">
    <system-out><![CDATA[21:47:58.592 [main] INFO org.springframework.test.context.support.AnnotationConfigContextLoaderUtils -- Could not detect default configuration classes for test class [com.example.serviceb.service.InefficientUuidServiceTest]: InefficientUuidServiceTest does not declare any static, non-private, non-final, nested classes annotated with @Configuration.
21:47:58.658 [main] INFO org.springframework.boot.test.context.SpringBootTestContextBootstrapper -- Found @SpringBootConfiguration com.example.serviceb.ServiceBApplication for test class com.example.serviceb.service.InefficientUuidServiceTest
  .   ____          _            __ _ _
 /\\ / ___'_ __ _ _(_)_ __  __ _ \ \ \ \
( ( )\___ | '_ | '_| | '_ \/ _` | \ \ \ \
 \\/  ___)| |_)| | | | | || (_| |  ) ) ) )
  '  |____| .__|_| |_|_| |_\__, | / / / /
 =========|_|==============|___/=/_/_/_/

 :: Spring Boot ::                (v3.3.0)

2025-12-12T21:47:58.931+03:00  INFO 12407 --- [service-b-uuid-generator] [           main] c.e.s.s.InefficientUuidServiceTest       : Starting InefficientUuidServiceTest using Java 17.0.17 with PID 12407 (started by vagab in /home/vagab/Documents/uuid-services/service-b-server)
2025-12-12T21:47:58.932+03:00 DEBUG 12407 --- [service-b-uuid-generator] [           main] c.e.s.s.InefficientUuidServiceTest       : Running with Spring Boot v3.3.0, Spring v6.1.8
2025-12-12T21:47:58.932+03:00  INFO 12407 --- [service-b-uuid-generator] [           main] c.e.s.s.InefficientUuidServiceTest       : No active profile set, falling back to 1 default profile: "default"
2025-12-12T21:47:59.616+03:00  INFO 12407 --- [service-b-uuid-generator] [           main] c.e.s.s.InefficientUuidServiceTest       : Started InefficientUuidServiceTest in 0.877 seconds (process running for 1.463)
2025-12-12T21:48:00.137+03:00 DEBUG 12407 --- [service-b-uuid-generator] [           main] c.e.s.service.InefficientUuidService     : Начинаем неоптимальную генерацию UUID
2025-12-12T21:48:00.189+03:00 DEBUG 12407 --- [service-b-uuid-generator] [           main] c.e.s.service.InefficientUuidService     : Промежуточная строка (обрезанная): 7252328164892-86631|7252333276339-6365|72523383796
2025-12-12T21:48:00.192+03:00 DEBUG 12407 --- [service-b-uuid-generator] [           main] c.e.s.service.InefficientUuidService     : Encode итерация 1: длина = 264
2025-12-12T21:48:00.192+03:00 DEBUG 12407 --- [service-b-uuid-generator] [           main] c.e.s.service.InefficientUuidService     : Encode итерация 2: длина = 352
2025-12-12T21:48:00.192+03:00 DEBUG 12407 --- [service-b-uuid-generator] [           main] c.e.s.service.InefficientUuidService     : Encode итерация 3: длина = 472
2025-12-12T21:48:00.192+03:00 DEBUG 12407 --- [service-b-uuid-generator] [           main] c.e.s.service.InefficientUuidService     : Encode итерация 4: длина = 632
2025-12-12T21:48:00.193+03:00 DEBUG 12407 --- [service-b-uuid-generator] [           main] c.e.s.service.InefficientUuidService     : Encode итерация 5: длина = 844
2025-12-12T21:48:00.193+03:00 DEBUG 12407 --- [service-b-uuid-generator] [           main] c.e.s.service.InefficientUuidService     : Decode итерация 1: длина = 632
2025-12-12T21:48:00.193+03:00 DEBUG 12407 --- [service-b-uuid-generator] [           main] c.e.s.service.InefficientUuidService     : Decode итерация 2: длина = 472
2025-12-12T21:48:00.193+03:00 DEBUG 12407 --- [service-b-uuid-generator] [           main] c.e.s.service.InefficientUuidService     : Decode итерация 3: длина = 352
2025-12-12T21:48:00.193+03:00 DEBUG 12407 --- [service-b-uuid-generator] [           main] c.e.s.service.InefficientUuidService     : Decode итерация 4: длина = 264
2025-12-12T21:48:00.193+03:00 DEBUG 12407 --- [service-b-uuid-generator] [           main] c.e.s.service.InefficientUuidService     : Decode итерация 5: длина = 197
2025-12-12T21:48:00.194+03:00 DEBUG 12407 --- [service-b-uuid-generator] [           main] c.e.s.service.InefficientUuidService     : UUID сгенерирован: b20ea3a1ed8dadb7-ea63928f3b1701c6-0000019b13e42fc2-00000000a22dea38
2025-12-12T21:48:00.195+03:00 DEBUG 12407 --- [service-b-uuid-generator] [           main] c.e.s.service.InefficientUuidService     : Начинаем неоптимальную генерацию UUID
2025-12-12T21:48:00.247+03:00 DEBUG 12407 --- [service-b-uuid-generator] [           main] c.e.s.service.InefficientUuidService     : Промежуточная строка (обрезанная): 7252385775386-32711|7252390849824-57084|7252395935
2025-12-12T21:48:00.248+03:00 DEBUG 12407 --- [service-b-uuid-generator] [           main] c.e.s.service.InefficientUuidService     : Encode итерация 1: длина = 264
2025-12-12T21:48:00.248+03:00 DEBUG 12407 --- [service-b-uuid-generator] [           main] c.e.s.service.InefficientUuidService     : Encode итерация 2: длина = 352
2025-12-12T21:48:00.248+03:00 DEBUG 12407 --- [service-b-uuid-generator] [           main] c.e.s.service.InefficientUuidService     : Encode итерация 3: длина = 472
2025-12-12T21:48:00.248+03:00 DEBUG 12407 --- [service-b-uuid-generator] [           main] c.e.s.service.InefficientUuidService     : Encode итерация 4: длина = 632
2025-12-12T21:48:00.249+03:00 DEBUG 12407 --- [service-b-uuid-generator] [           main] c.e.s.service.InefficientUuidService     : Encode итерация 5: длина = 844
2025-12-12T21:48:00.249+03:00 DEBUG 12407 --- [service-b-uuid-generator] [           main] c.e.s.service.InefficientUuidService     : Decode итерация 1: длина = 632
2025-12-12T21:48:00.249+03:00 DEBUG 12407 --- [service-b-uuid-generator] [           main] c.e.s.service.InefficientUuidService     : Decode итерация 2: длина = 472
2025-12-12T21:48:00.249+03:00 DEBUG 12407 --- [service-b-uuid-generator] [           main] c.e.s.service.InefficientUuidService     : Decode итерация 3: длина = 352
2025-12-12T21:48:00.249+03:00 DEBUG 12407 --- [service-b-uuid-generator] [           main] c.e.s.service.InefficientUuidService     : Decode итерация 4: длина = 264
2025-12-12T21:48:00.249+03:00 DEBUG 12407 --- [service-b-uuid-generator] [           main] c.e.s.service.InefficientUuidService     : Decode итерация 5: длина = 196
2025-12-12T21:48:00.250+03:00 DEBUG 12407 --- [service-b-uuid-generator] [           main] c.e.s.service.InefficientUuidService     : UUID сгенерирован: 3e0b658a9d1f0757-15cc28ab58305634-0000019b13e42ff9-00000000108cf000
2025-12-12T21:48:00.250+03:00 DEBUG 12407 --- [service-b-uuid-generator] [           main] c.e.s.service.InefficientUuidService     : Начинаем неоптимальную генерацию UUID
2025-12-12T21:48:00.295+03:00 DEBUG 12407 --- [service-b-uuid-generator] [     parallel-1] c.e.s.service.InefficientUuidService     : Flux элемент 0: b20ea3a1ed8dadb7-ea63928f3b1701c6-0000019b13e42fc2-00000000a22dea38
2025-12-12T21:48:00.301+03:00 DEBUG 12407 --- [service-b-uuid-generator] [           main] c.e.s.service.InefficientUuidService     : Промежуточная строка (обрезанная): 7252440551048-36172|7252445625705-60162|7252450716
2025-12-12T21:48:00.302+03:00 DEBUG 12407 --- [service-b-uuid-generator] [           main] c.e.s.service.InefficientUuidService     : Encode итерация 1: длина = 268
2025-12-12T21:48:00.302+03:00 DEBUG 12407 --- [service-b-uuid-generator] [           main] c.e.s.service.InefficientUuidService     : Encode итерация 2: длина = 360
2025-12-12T21:48:00.302+03:00 DEBUG 12407 --- [service-b-uuid-generator] [           main] c.e.s.service.InefficientUuidService     : Encode итерация 3: длина = 480
2025-12-12T21:48:00.302+03:00 DEBUG 12407 --- [service-b-uuid-generator] [           main] c.e.s.service.InefficientUuidService     : Encode итерация 4: длина = 640
2025-12-12T21:48:00.303+03:00 DEBUG 12407 --- [service-b-uuid-generator] [           main] c.e.s.service.InefficientUuidService     : Encode итерация 5: длина = 856
2025-12-12T21:48:00.303+03:00 DEBUG 12407 --- [service-b-uuid-generator] [           main] c.e.s.service.InefficientUuidService     : Decode итерация 1: длина = 640
2025-12-12T21:48:00.303+03:00 DEBUG 12407 --- [service-b-uuid-generator] [           main] c.e.s.service.InefficientUuidService     : Decode итерация 2: длина = 480
2025-12-12T21:48:00.303+03:00 DEBUG 12407 --- [service-b-uuid-generator] [           main] c.e.s.service.InefficientUuidService     : Decode итерация 3: длина = 360
2025-12-12T21:48:00.303+03:00 DEBUG 12407 --- [service-b-uuid-generator] [           main] c.e.s.service.InefficientUuidService     : Decode итерация 4: длина = 268
2025-12-12T21:48:00.303+03:00 DEBUG 12407 --- [service-b-uuid-generator] [           main] c.e.s.service.InefficientUuidService     : Decode итерация 5: длина = 199
2025-12-12T21:48:00.304+03:00 DEBUG 12407 --- [service-b-uuid-generator] [           main] c.e.s.service.InefficientUuidService     : UUID сгенерирован: be3eb1387d5eff3d-fc79cde3ba7def3a-0000019b13e43030-00000000ee3af62a
2025-12-12T21:48:00.350+03:00 DEBUG 12407 --- [service-b-uuid-generator] [     parallel-2] c.e.s.service.InefficientUuidService     : Flux элемент 1: 3e0b658a9d1f0757-15cc28ab58305634-0000019b13e42ff9-00000000108cf000
2025-12-12T21:48:00.404+03:00 DEBUG 12407 --- [service-b-uuid-generator] [     parallel-3] c.e.s.service.InefficientUuidService     : Flux элемент 2: be3eb1387d5eff3d-fc79cde3ba7def3a-0000019b13e43030-00000000ee3af62a
]]></system-out>
  </testcase>
  <testcase name="testGenerateUuidMono_ShouldNotBeEmpty" classname="com.example.serviceb.service.InefficientUuidServiceTest" time="0.159">
    <system-out><![CDATA[2025-12-12T21:48:00.417+03:00 DEBUG 12407 --- [service-b-uuid-generator] [           main] c.e.s.service.InefficientUuidService     : Начинаем неоптимальную генерацию UUID
2025-12-12T21:48:00.468+03:00 DEBUG 12407 --- [service-b-uuid-generator] [           main] c.e.s.service.InefficientUuidService     : Промежуточная строка (обрезанная): 7252607178160-88413|7252612289647-28464|7252617386
2025-12-12T21:48:00.469+03:00 DEBUG 12407 --- [service-b-uuid-generator] [           main] c.e.s.service.InefficientUuidService     : Encode итерация 1: длина = 268
2025-12-12T21:48:00.469+03:00 DEBUG 12407 --- [service-b-uuid-generator] [           main] c.e.s.service.InefficientUuidService     : Encode итерация 2: длина = 360
2025-12-12T21:48:00.469+03:00 DEBUG 12407 --- [service-b-uuid-generator] [           main] c.e.s.service.InefficientUuidService     : Encode итерация 3: длина = 480
2025-12-12T21:48:00.470+03:00 DEBUG 12407 --- [service-b-uuid-generator] [           main] c.e.s.service.InefficientUuidService     : Encode итерация 4: длина = 640
2025-12-12T21:48:00.470+03:00 DEBUG 12407 --- [service-b-uuid-generator] [           main] c.e.s.service.InefficientUuidService     : Encode итерация 5: длина = 856
2025-12-12T21:48:00.470+03:00 DEBUG 12407 --- [service-b-uuid-generator] [           main] c.e.s.service.InefficientUuidService     : Decode итерация 1: длина = 640
2025-12-12T21:48:00.470+03:00 DEBUG 12407 --- [service-b-uuid-generator] [           main] c.e.s.service.InefficientUuidService     : Decode итерация 2: длина = 480
2025-12-12T21:48:00.470+03:00 DEBUG 12407 --- [service-b-uuid-generator] [           main] c.e.s.service.InefficientUuidService     : Decode итерация 3: длина = 360
2025-12-12T21:48:00.470+03:00 DEBUG 12407 --- [service-b-uuid-generator] [           main] c.e.s.service.InefficientUuidService     : Decode итерация 4: длина = 268
2025-12-12T21:48:00.470+03:00 DEBUG 12407 --- [service-b-uuid-generator] [           main] c.e.s.service.InefficientUuidService     : Decode итерация 5: длина = 200
2025-12-12T21:48:00.471+03:00 DEBUG 12407 --- [service-b-uuid-generator] [           main] c.e.s.service.InefficientUuidService     : UUID сгенерирован: 4dfde3b2dcc00fd9-d8c169325a150436-0000019b13e430d7-00000000233cfe4c
Generated UUID: 4dfde3b2dcc00fd9-d8c169325a150436-0000019b13e430d7-00000000233cfe4c
]]></system-out>
  </testcase>
  <testcase name="testGenerateUuidFlux_WithZeroCount_ShouldComplete" classname="com.example.serviceb.service.InefficientUuidServiceTest" time="0.002"/>
  <testcase name="testGenerateUuidMono_ShouldNotReturnNull" classname="com.example.serviceb.service.InefficientUuidServiceTest" time="0.156">
    <system-out><![CDATA[2025-12-12T21:48:00.578+03:00 DEBUG 12407 --- [service-b-uuid-generator] [           main] c.e.s.service.InefficientUuidService     : Начинаем неоптимальную генерацию UUID
2025-12-12T21:48:00.630+03:00 DEBUG 12407 --- [service-b-uuid-generator] [           main] c.e.s.service.InefficientUuidService     : Промежуточная строка (обрезанная): 7252768433217-98794|7252773515489-5486|72527786152
2025-12-12T21:48:00.631+03:00 DEBUG 12407 --- [service-b-uuid-generator] [           main] c.e.s.service.InefficientUuidService     : Encode итерация 1: длина = 264
2025-12-12T21:48:00.631+03:00 DEBUG 12407 --- [service-b-uuid-generator] [           main] c.e.s.service.InefficientUuidService     : Encode итерация 2: длина = 352
2025-12-12T21:48:00.631+03:00 DEBUG 12407 --- [service-b-uuid-generator] [           main] c.e.s.service.InefficientUuidService     : Encode итерация 3: длина = 472
2025-12-12T21:48:00.631+03:00 DEBUG 12407 --- [service-b-uuid-generator] [           main] c.e.s.service.InefficientUuidService     : Encode итерация 4: длина = 632
2025-12-12T21:48:00.631+03:00 DEBUG 12407 --- [service-b-uuid-generator] [           main] c.e.s.service.InefficientUuidService     : Encode итерация 5: длина = 844
2025-12-12T21:48:00.631+03:00 DEBUG 12407 --- [service-b-uuid-generator] [           main] c.e.s.service.InefficientUuidService     : Decode итерация 1: длина = 632
2025-12-12T21:48:00.631+03:00 DEBUG 12407 --- [service-b-uuid-generator] [           main] c.e.s.service.InefficientUuidService     : Decode итерация 2: длина = 472
2025-12-12T21:48:00.631+03:00 DEBUG 12407 --- [service-b-uuid-generator] [           main] c.e.s.service.InefficientUuidService     : Decode итерация 3: длина = 352
2025-12-12T21:48:00.632+03:00 DEBUG 12407 --- [service-b-uuid-generator] [           main] c.e.s.service.InefficientUuidService     : Decode итерация 4: длина = 264
2025-12-12T21:48:00.632+03:00 DEBUG 12407 --- [service-b-uuid-generator] [           main] c.e.s.service.InefficientUuidService     : Decode итерация 5: длина = 198
2025-12-12T21:48:00.632+03:00 DEBUG 12407 --- [service-b-uuid-generator] [           main] c.e.s.service.InefficientUuidService     : UUID сгенерирован: ad6b364b5c1c1977-19005566fbbf4769-0000019b13e43178-0000000080253ac8
]]></system-out>
  </testcase>
  <testcase name="testGenerateUuidFlux_ShouldEmitSequentially" classname="com.example.serviceb.service.InefficientUuidServiceTest" time="0.268">
    <system-out><![CDATA[2025-12-12T21:48:00.737+03:00  INFO 12407 --- [service-b-uuid-generator] [           main] reactor.Flux.FlatMap.1                   : onSubscribe(FluxFlatMap.FlatMapMain)
2025-12-12T21:48:00.738+03:00  INFO 12407 --- [service-b-uuid-generator] [           main] reactor.Flux.FlatMap.1                   : request(unbounded)
2025-12-12T21:48:00.738+03:00 DEBUG 12407 --- [service-b-uuid-generator] [           main] c.e.s.service.InefficientUuidService     : Начинаем неоптимальную генерацию UUID
2025-12-12T21:48:00.789+03:00 DEBUG 12407 --- [service-b-uuid-generator] [           main] c.e.s.service.InefficientUuidService     : Промежуточная строка (обрезанная): 7252928653832-53677|7252933739450-24191|7252938814
2025-12-12T21:48:00.790+03:00 DEBUG 12407 --- [service-b-uuid-generator] [           main] c.e.s.service.InefficientUuidService     : Encode итерация 1: длина = 264
2025-12-12T21:48:00.790+03:00 DEBUG 12407 --- [service-b-uuid-generator] [           main] c.e.s.service.InefficientUuidService     : Encode итерация 2: длина = 352
2025-12-12T21:48:00.791+03:00 DEBUG 12407 --- [service-b-uuid-generator] [           main] c.e.s.service.InefficientUuidService     : Encode итерация 3: длина = 472
2025-12-12T21:48:00.791+03:00 DEBUG 12407 --- [service-b-uuid-generator] [           main] c.e.s.service.InefficientUuidService     : Encode итерация 4: длина = 632
2025-12-12T21:48:00.791+03:00 DEBUG 12407 --- [service-b-uuid-generator] [           main] c.e.s.service.InefficientUuidService     : Encode итерация 5: длина = 844
2025-12-12T21:48:00.791+03:00 DEBUG 12407 --- [service-b-uuid-generator] [           main] c.e.s.service.InefficientUuidService     : Decode итерация 1: длина = 632
2025-12-12T21:48:00.791+03:00 DEBUG 12407 --- [service-b-uuid-generator] [           main] c.e.s.service.InefficientUuidService     : Decode итерация 2: длина = 472
2025-12-12T21:48:00.791+03:00 DEBUG 12407 --- [service-b-uuid-generator] [           main] c.e.s.service.InefficientUuidService     : Decode итерация 3: длина = 352
2025-12-12T21:48:00.791+03:00 DEBUG 12407 --- [service-b-uuid-generator] [           main] c.e.s.service.InefficientUuidService     : Decode итерация 4: длина = 264
2025-12-12T21:48:00.791+03:00 DEBUG 12407 --- [service-b-uuid-generator] [           main] c.e.s.service.InefficientUuidService     : Decode итерация 5: длина = 197
2025-12-12T21:48:00.791+03:00 DEBUG 12407 --- [service-b-uuid-generator] [           main] c.e.s.service.InefficientUuidService     : UUID сгенерирован: b915834522df835d-5e9395f1fcd0099e-0000019b13e43217-00000000a9e44997
2025-12-12T21:48:00.792+03:00 DEBUG 12407 --- [service-b-uuid-generator] [           main] c.e.s.service.InefficientUuidService     : Начинаем неоптимальную генерацию UUID
2025-12-12T21:48:00.845+03:00 DEBUG 12407 --- [service-b-uuid-generator] [           main] c.e.s.service.InefficientUuidService     : Промежуточная строка (обрезанная): 7252981984420-85832|7252987102209-60400|7252992233
2025-12-12T21:48:00.845+03:00 DEBUG 12407 --- [service-b-uuid-generator] [           main] c.e.s.service.InefficientUuidService     : Encode итерация 1: длина = 268
2025-12-12T21:48:00.845+03:00 DEBUG 12407 --- [service-b-uuid-generator] [           main] c.e.s.service.InefficientUuidService     : Encode итерация 2: длина = 360
2025-12-12T21:48:00.846+03:00 DEBUG 12407 --- [service-b-uuid-generator] [           main] c.e.s.service.InefficientUuidService     : Encode итерация 3: длина = 480
2025-12-12T21:48:00.846+03:00 DEBUG 12407 --- [service-b-uuid-generator] [           main] c.e.s.service.InefficientUuidService     : Encode итерация 4: длина = 640
2025-12-12T21:48:00.846+03:00 DEBUG 12407 --- [service-b-uuid-generator] [           main] c.e.s.service.InefficientUuidService     : Encode итерация 5: длина = 856
2025-12-12T21:48:00.846+03:00 DEBUG 12407 --- [service-b-uuid-generator] [           main] c.e.s.service.InefficientUuidService     : Decode итерация 1: длина = 640
2025-12-12T21:48:00.846+03:00 DEBUG 12407 --- [service-b-uuid-generator] [           main] c.e.s.service.InefficientUuidService     : Decode итерация 2: длина = 480
2025-12-12T21:48:00.846+03:00 DEBUG 12407 --- [service-b-uuid-generator] [           main] c.e.s.service.InefficientUuidService     : Decode итерация 3: длина = 360
2025-12-12T21:48:00.846+03:00 DEBUG 12407 --- [service-b-uuid-generator] [           main] c.e.s.service.InefficientUuidService     : Decode итерация 4: длина = 268
2025-12-12T21:48:00.846+03:00 DEBUG 12407 --- [service-b-uuid-generator] [           main] c.e.s.service.InefficientUuidService     : Decode итерация 5: длина = 199
2025-12-12T21:48:00.846+03:00 DEBUG 12407 --- [service-b-uuid-generator] [           main] c.e.s.service.InefficientUuidService     : UUID сгенерирован: a89898c14dea735e-b2ba5ade689f903a-0000019b13e4324e-00000000016bd39a
2025-12-12T21:48:00.847+03:00 DEBUG 12407 --- [service-b-uuid-generator] [           main] c.e.s.service.InefficientUuidService     : Начинаем неоптимальную генерацию UUID
2025-12-12T21:48:00.892+03:00 DEBUG 12407 --- [service-b-uuid-generator] [     parallel-6] c.e.s.service.InefficientUuidService     : Flux элемент 0: b915834522df835d-5e9395f1fcd0099e-0000019b13e43217-00000000a9e44997
2025-12-12T21:48:00.892+03:00  INFO 12407 --- [service-b-uuid-generator] [     parallel-6] reactor.Flux.FlatMap.1                   : onNext(b915834522df835d-5e9395f1fcd0099e-0000019b13e43217-00000000a9e44997)
2025-12-12T21:48:00.899+03:00 DEBUG 12407 --- [service-b-uuid-generator] [           main] c.e.s.service.InefficientUuidService     : Промежуточная строка (обрезанная): 7253037245273-74431|7253042357591-25559|7253047488
2025-12-12T21:48:00.899+03:00 DEBUG 12407 --- [service-b-uuid-generator] [           main] c.e.s.service.InefficientUuidService     : Encode итерация 1: длина = 268
2025-12-12T21:48:00.899+03:00 DEBUG 12407 --- [service-b-uuid-generator] [           main] c.e.s.service.InefficientUuidService     : Encode итерация 2: длина = 360
2025-12-12T21:48:00.899+03:00 DEBUG 12407 --- [service-b-uuid-generator] [           main] c.e.s.service.InefficientUuidService     : Encode итерация 3: длина = 480
2025-12-12T21:48:00.899+03:00 DEBUG 12407 --- [service-b-uuid-generator] [           main] c.e.s.service.InefficientUuidService     : Encode итерация 4: длина = 640
2025-12-12T21:48:00.900+03:00 DEBUG 12407 --- [service-b-uuid-generator] [           main] c.e.s.service.InefficientUuidService     : Encode итерация 5: длина = 856
2025-12-12T21:48:00.900+03:00 DEBUG 12407 --- [service-b-uuid-generator] [           main] c.e.s.service.InefficientUuidService     : Decode итерация 1: длина = 640
2025-12-12T21:48:00.900+03:00 DEBUG 12407 --- [service-b-uuid-generator] [           main] c.e.s.service.InefficientUuidService     : Decode итерация 2: длина = 480
2025-12-12T21:48:00.900+03:00 DEBUG 12407 --- [service-b-uuid-generator] [           main] c.e.s.service.InefficientUuidService     : Decode итерация 3: длина = 360
2025-12-12T21:48:00.900+03:00 DEBUG 12407 --- [service-b-uuid-generator] [           main] c.e.s.service.InefficientUuidService     : Decode итерация 4: длина = 268
2025-12-12T21:48:00.900+03:00 DEBUG 12407 --- [service-b-uuid-generator] [           main] c.e.s.service.InefficientUuidService     : Decode итерация 5: длина = 200
2025-12-12T21:48:00.901+03:00 DEBUG 12407 --- [service-b-uuid-generator] [           main] c.e.s.service.InefficientUuidService     : UUID сгенерирован: 7eb0f3b68c33f05d-4192366835ab3985-0000019b13e43284-000000002d788781
2025-12-12T21:48:00.947+03:00 DEBUG 12407 --- [service-b-uuid-generator] [     parallel-7] c.e.s.service.InefficientUuidService     : Flux элемент 1: a89898c14dea735e-b2ba5ade689f903a-0000019b13e4324e-00000000016bd39a
2025-12-12T21:48:00.947+03:00  INFO 12407 --- [service-b-uuid-generator] [     parallel-7] reactor.Flux.FlatMap.1                   : onNext(a89898c14dea735e-b2ba5ade689f903a-0000019b13e4324e-00000000016bd39a)
2025-12-12T21:48:01.001+03:00 DEBUG 12407 --- [service-b-uuid-generator] [     parallel-8] c.e.s.service.InefficientUuidService     : Flux элемент 2: 7eb0f3b68c33f05d-4192366835ab3985-0000019b13e43284-000000002d788781
2025-12-12T21:48:01.001+03:00  INFO 12407 --- [service-b-uuid-generator] [     parallel-8] reactor.Flux.FlatMap.1                   : onNext(7eb0f3b68c33f05d-4192366835ab3985-0000019b13e43284-000000002d788781)
Generated UUIDs:
b915834522df835d-5e9395f1fcd0099e-0000019b13e43217-00000000a9e44997
a89898c14dea735e-b2ba5ade689f903a-0000019b13e4324e-00000000016bd39a
7eb0f3b68c33f05d-4192366835ab3985-0000019b13e43284-000000002d788781
2025-12-12T21:48:01.002+03:00  INFO 12407 --- [service-b-uuid-generator] [     parallel-8] reactor.Flux.FlatMap.1                   : onComplete()
]]></system-out>
  </testcase>
  <testcase name="testGenerateUuidFlux_ShouldReturnCorrectNumberOfElements" classname="com.example.serviceb.service.InefficientUuidServiceTest" time="0.375">
    <system-out><![CDATA[2025-12-12T21:48:01.006+03:00 DEBUG 12407 --- [service-b-uuid-generator] [           main] c.e.s.service.InefficientUuidService     : Начинаем неоптимальную генерацию UUID
2025-12-12T21:48:01.059+03:00 DEBUG 12407 --- [service-b-uuid-generator] [           main] c.e.s.service.InefficientUuidService     : Промежуточная строка (обрезанная): 7253196146079-53087|7253201237678-80725|7253206358
2025-12-12T21:48:01.059+03:00 DEBUG 12407 --- [service-b-uuid-generator] [           main] c.e.s.service.InefficientUuidService     : Encode итерация 1: длина = 268
2025-12-12T21:48:01.059+03:00 DEBUG 12407 --- [service-b-uuid-generator] [           main] c.e.s.service.InefficientUuidService     : Encode итерация 2: длина = 360
2025-12-12T21:48:01.059+03:00 DEBUG 12407 --- [service-b-uuid-generator] [           main] c.e.s.service.InefficientUuidService     : Encode итерация 3: длина = 480
2025-12-12T21:48:01.060+03:00 DEBUG 12407 --- [service-b-uuid-generator] [           main] c.e.s.service.InefficientUuidService     : Encode итерация 4: длина = 640
2025-12-12T21:48:01.060+03:00 DEBUG 12407 --- [service-b-uuid-generator] [           main] c.e.s.service.InefficientUuidService     : Encode итерация 5: длина = 856
2025-12-12T21:48:01.060+03:00 DEBUG 12407 --- [service-b-uuid-generator] [           main] c.e.s.service.InefficientUuidService     : Decode итерация 1: длина = 640
2025-12-12T21:48:01.060+03:00 DEBUG 12407 --- [service-b-uuid-generator] [           main] c.e.s.service.InefficientUuidService     : Decode итерация 2: длина = 480
2025-12-12T21:48:01.060+03:00 DEBUG 12407 --- [service-b-uuid-generator] [           main] c.e.s.service.InefficientUuidService     : Decode итерация 3: длина = 360
2025-12-12T21:48:01.060+03:00 DEBUG 12407 --- [service-b-uuid-generator] [           main] c.e.s.service.InefficientUuidService     : Decode итерация 4: длина = 268
2025-12-12T21:48:01.060+03:00 DEBUG 12407 --- [service-b-uuid-generator] [           main] c.e.s.service.InefficientUuidService     : Decode итерация 5: длина = 200
2025-12-12T21:48:01.060+03:00 DEBUG 12407 --- [service-b-uuid-generator] [           main] c.e.s.service.InefficientUuidService     : UUID сгенерирован: 0929611cc6e300e7-77e599ddf2e08755-0000019b13e43324-000000001bfd0aae
2025-12-12T21:48:01.061+03:00 DEBUG 12407 --- [service-b-uuid-generator] [           main] c.e.s.service.InefficientUuidService     : Начинаем неоптимальную генерацию UUID
2025-12-12T21:48:01.112+03:00 DEBUG 12407 --- [service-b-uuid-generator] [           main] c.e.s.service.InefficientUuidService     : Промежуточная строка (обрезанная): 7253251148988-76337|7253256218716-57432|7253261283
2025-12-12T21:48:01.113+03:00 DEBUG 12407 --- [service-b-uuid-generator] [           main] c.e.s.service.InefficientUuidService     : Encode итерация 1: длина = 268
2025-12-12T21:48:01.113+03:00 DEBUG 12407 --- [service-b-uuid-generator] [           main] c.e.s.service.InefficientUuidService     : Encode итерация 2: длина = 360
2025-12-12T21:48:01.113+03:00 DEBUG 12407 --- [service-b-uuid-generator] [           main] c.e.s.service.InefficientUuidService     : Encode итерация 3: длина = 480
2025-12-12T21:48:01.113+03:00 DEBUG 12407 --- [service-b-uuid-generator] [           main] c.e.s.service.InefficientUuidService     : Encode итерация 4: длина = 640
2025-12-12T21:48:01.113+03:00 DEBUG 12407 --- [service-b-uuid-generator] [           main] c.e.s.service.InefficientUuidService     : Encode итерация 5: длина = 856
2025-12-12T21:48:01.113+03:00 DEBUG 12407 --- [service-b-uuid-generator] [           main] c.e.s.service.InefficientUuidService     : Decode итерация 1: длина = 640
2025-12-12T21:48:01.113+03:00 DEBUG 12407 --- [service-b-uuid-generator] [           main] c.e.s.service.InefficientUuidService     : Decode итерация 2: длина = 480
2025-12-12T21:48:01.113+03:00 DEBUG 12407 --- [service-b-uuid-generator] [           main] c.e.s.service.InefficientUuidService     : Decode итерация 3: длина = 360
2025-12-12T21:48:01.114+03:00 DEBUG 12407 --- [service-b-uuid-generator] [           main] c.e.s.service.InefficientUuidService     : Decode итерация 4: длина = 268
2025-12-12T21:48:01.114+03:00 DEBUG 12407 --- [service-b-uuid-generator] [           main] c.e.s.service.InefficientUuidService     : Decode итерация 5: длина = 199
2025-12-12T21:48:01.114+03:00 DEBUG 12407 --- [service-b-uuid-generator] [           main] c.e.s.service.InefficientUuidService     : UUID сгенерирован: c0a8caa1e6ef5860-a563094e79206404-0000019b13e4335a-00000000c7234262
2025-12-12T21:48:01.114+03:00 DEBUG 12407 --- [service-b-uuid-generator] [           main] c.e.s.service.InefficientUuidService     : Начинаем неоптимальную генерацию UUID
2025-12-12T21:48:01.161+03:00 DEBUG 12407 --- [service-b-uuid-generator] [     parallel-9] c.e.s.service.InefficientUuidService     : Flux элемент 0: 0929611cc6e300e7-77e599ddf2e08755-0000019b13e43324-000000001bfd0aae
2025-12-12T21:48:01.166+03:00 DEBUG 12407 --- [service-b-uuid-generator] [           main] c.e.s.service.InefficientUuidService     : Промежуточная строка (обрезанная): 7253304529319-64107|7253309601803-18480|7253314681
2025-12-12T21:48:01.167+03:00 DEBUG 12407 --- [service-b-uuid-generator] [           main] c.e.s.service.InefficientUuidService     : Encode итерация 1: длина = 268
2025-12-12T21:48:01.167+03:00 DEBUG 12407 --- [service-b-uuid-generator] [           main] c.e.s.service.InefficientUuidService     : Encode итерация 2: длина = 360
2025-12-12T21:48:01.167+03:00 DEBUG 12407 --- [service-b-uuid-generator] [           main] c.e.s.service.InefficientUuidService     : Encode итерация 3: длина = 480
2025-12-12T21:48:01.167+03:00 DEBUG 12407 --- [service-b-uuid-generator] [           main] c.e.s.service.InefficientUuidService     : Encode итерация 4: длина = 640
2025-12-12T21:48:01.167+03:00 DEBUG 12407 --- [service-b-uuid-generator] [           main] c.e.s.service.InefficientUuidService     : Encode итерация 5: длина = 856
2025-12-12T21:48:01.167+03:00 DEBUG 12407 --- [service-b-uuid-generator] [           main] c.e.s.service.InefficientUuidService     : Decode итерация 1: длина = 640
2025-12-12T21:48:01.167+03:00 DEBUG 12407 --- [service-b-uuid-generator] [           main] c.e.s.service.InefficientUuidService     : Decode итерация 2: длина = 480
2025-12-12T21:48:01.167+03:00 DEBUG 12407 --- [service-b-uuid-generator] [           main] c.e.s.service.InefficientUuidService     : Decode итерация 3: длина = 360
2025-12-12T21:48:01.168+03:00 DEBUG 12407 --- [service-b-uuid-generator] [           main] c.e.s.service.InefficientUuidService     : Decode итерация 4: длина = 268
2025-12-12T21:48:01.168+03:00 DEBUG 12407 --- [service-b-uuid-generator] [           main] c.e.s.service.InefficientUuidService     : Decode итерация 5: длина = 200
2025-12-12T21:48:01.168+03:00 DEBUG 12407 --- [service-b-uuid-generator] [           main] c.e.s.service.InefficientUuidService     : UUID сгенерирован: 9c9693f3aad0e18a-c0f9cb096ecd9edb-0000019b13e43390-0000000049ac2cf8
2025-12-12T21:48:01.168+03:00 DEBUG 12407 --- [service-b-uuid-generator] [           main] c.e.s.service.InefficientUuidService     : Начинаем неоптимальную генерацию UUID
2025-12-12T21:48:01.214+03:00 DEBUG 12407 --- [service-b-uuid-generator] [    parallel-10] c.e.s.service.InefficientUuidService     : Flux элемент 1: c0a8caa1e6ef5860-a563094e79206404-0000019b13e4335a-00000000c7234262
2025-12-12T21:48:01.221+03:00 DEBUG 12407 --- [service-b-uuid-generator] [           main] c.e.s.service.InefficientUuidService     : Промежуточная строка (обрезанная): 7253358478970-13049|7253363594525-39067|7253368764
2025-12-12T21:48:01.222+03:00 DEBUG 12407 --- [service-b-uuid-generator] [           main] c.e.s.service.InefficientUuidService     : Encode итерация 1: длина = 268
2025-12-12T21:48:01.222+03:00 DEBUG 12407 --- [service-b-uuid-generator] [           main] c.e.s.service.InefficientUuidService     : Encode итерация 2: длина = 360
2025-12-12T21:48:01.222+03:00 DEBUG 12407 --- [service-b-uuid-generator] [           main] c.e.s.service.InefficientUuidService     : Encode итерация 3: длина = 480
2025-12-12T21:48:01.222+03:00 DEBUG 12407 --- [service-b-uuid-generator] [           main] c.e.s.service.InefficientUuidService     : Encode итерация 4: длина = 640
2025-12-12T21:48:01.223+03:00 DEBUG 12407 --- [service-b-uuid-generator] [           main] c.e.s.service.InefficientUuidService     : Encode итерация 5: длина = 856
2025-12-12T21:48:01.223+03:00 DEBUG 12407 --- [service-b-uuid-generator] [           main] c.e.s.service.InefficientUuidService     : Decode итерация 1: длина = 640
2025-12-12T21:48:01.223+03:00 DEBUG 12407 --- [service-b-uuid-generator] [           main] c.e.s.service.InefficientUuidService     : Decode итерация 2: длина = 480
2025-12-12T21:48:01.223+03:00 DEBUG 12407 --- [service-b-uuid-generator] [           main] c.e.s.service.InefficientUuidService     : Decode итерация 3: длина = 360
2025-12-12T21:48:01.223+03:00 DEBUG 12407 --- [service-b-uuid-generator] [           main] c.e.s.service.InefficientUuidService     : Decode итерация 4: длина = 268
2025-12-12T21:48:01.223+03:00 DEBUG 12407 --- [service-b-uuid-generator] [           main] c.e.s.service.InefficientUuidService     : Decode итерация 5: длина = 200
2025-12-12T21:48:01.224+03:00 DEBUG 12407 --- [service-b-uuid-generator] [           main] c.e.s.service.InefficientUuidService     : UUID сгенерирован: 8f052c31f5146974-1974ce3a97b5d959-0000019b13e433c8-000000001dcaa44d
2025-12-12T21:48:01.224+03:00 DEBUG 12407 --- [service-b-uuid-generator] [           main] c.e.s.service.InefficientUuidService     : Начинаем неоптимальную генерацию UUID
2025-12-12T21:48:01.268+03:00 DEBUG 12407 --- [service-b-uuid-generator] [    parallel-11] c.e.s.service.InefficientUuidService     : Flux элемент 2: 9c9693f3aad0e18a-c0f9cb096ecd9edb-0000019b13e43390-0000000049ac2cf8
2025-12-12T21:48:01.276+03:00 DEBUG 12407 --- [service-b-uuid-generator] [           main] c.e.s.service.InefficientUuidService     : Промежуточная строка (обрезанная): 7253414435950-28539|7253419548859-15893|7253424718
2025-12-12T21:48:01.277+03:00 DEBUG 12407 --- [service-b-uuid-generator] [           main] c.e.s.service.InefficientUuidService     : Encode итерация 1: длина = 264
2025-12-12T21:48:01.277+03:00 DEBUG 12407 --- [service-b-uuid-generator] [           main] c.e.s.service.InefficientUuidService     : Encode итерация 2: длина = 352
2025-12-12T21:48:01.277+03:00 DEBUG 12407 --- [service-b-uuid-generator] [           main] c.e.s.service.InefficientUuidService     : Encode итерация 3: длина = 472
2025-12-12T21:48:01.277+03:00 DEBUG 12407 --- [service-b-uuid-generator] [           main] c.e.s.service.InefficientUuidService     : Encode итерация 4: длина = 632
2025-12-12T21:48:01.277+03:00 DEBUG 12407 --- [service-b-uuid-generator] [           main] c.e.s.service.InefficientUuidService     : Encode итерация 5: длина = 844
2025-12-12T21:48:01.277+03:00 DEBUG 12407 --- [service-b-uuid-generator] [           main] c.e.s.service.InefficientUuidService     : Decode итерация 1: длина = 632
2025-12-12T21:48:01.277+03:00 DEBUG 12407 --- [service-b-uuid-generator] [           main] c.e.s.service.InefficientUuidService     : Decode итерация 2: длина = 472
2025-12-12T21:48:01.277+03:00 DEBUG 12407 --- [service-b-uuid-generator] [           main] c.e.s.service.InefficientUuidService     : Decode итерация 3: длина = 352
2025-12-12T21:48:01.277+03:00 DEBUG 12407 --- [service-b-uuid-generator] [           main] c.e.s.service.InefficientUuidService     : Decode итерация 4: длина = 264
2025-12-12T21:48:01.278+03:00 DEBUG 12407 --- [service-b-uuid-generator] [           main] c.e.s.service.InefficientUuidService     : Decode итерация 5: длина = 197
2025-12-12T21:48:01.278+03:00 DEBUG 12407 --- [service-b-uuid-generator] [           main] c.e.s.service.InefficientUuidService     : UUID сгенерирован: 98f81062affb7715-59340f7eb6c59847-0000019b13e433fe-000000008c73ae3f
2025-12-12T21:48:01.324+03:00 DEBUG 12407 --- [service-b-uuid-generator] [    parallel-12] c.e.s.service.InefficientUuidService     : Flux элемент 3: 8f052c31f5146974-1974ce3a97b5d959-0000019b13e433c8-000000001dcaa44d
2025-12-12T21:48:01.378+03:00 DEBUG 12407 --- [service-b-uuid-generator] [    parallel-13] c.e.s.service.InefficientUuidService     : Flux элемент 4: 98f81062affb7715-59340f7eb6c59847-0000019b13e433fe-000000008c73ae3f
]]></system-out>
  </testcase>
  <testcase name="testGenerateUuidMono_ShouldReturnUuid" classname="com.example.serviceb.service.InefficientUuidServiceTest" time="0.157">
    <system-out><![CDATA[2025-12-12T21:48:01.381+03:00 DEBUG 12407 --- [service-b-uuid-generator] [           main] c.e.s.service.InefficientUuidService     : Начинаем неоптимальную генерацию UUID
2025-12-12T21:48:01.433+03:00 DEBUG 12407 --- [service-b-uuid-generator] [           main] c.e.s.service.InefficientUuidService     : Промежуточная строка (обрезанная): 7253571624562-43942|7253576716041-5364|72535818746
2025-12-12T21:48:01.433+03:00 DEBUG 12407 --- [service-b-uuid-generator] [           main] c.e.s.service.InefficientUuidService     : Encode итерация 1: длина = 268
2025-12-12T21:48:01.433+03:00 DEBUG 12407 --- [service-b-uuid-generator] [           main] c.e.s.service.InefficientUuidService     : Encode итерация 2: длина = 360
2025-12-12T21:48:01.433+03:00 DEBUG 12407 --- [service-b-uuid-generator] [           main] c.e.s.service.InefficientUuidService     : Encode итерация 3: длина = 480
2025-12-12T21:48:01.434+03:00 DEBUG 12407 --- [service-b-uuid-generator] [           main] c.e.s.service.InefficientUuidService     : Encode итерация 4: длина = 640
2025-12-12T21:48:01.434+03:00 DEBUG 12407 --- [service-b-uuid-generator] [           main] c.e.s.service.InefficientUuidService     : Encode итерация 5: длина = 856
2025-12-12T21:48:01.434+03:00 DEBUG 12407 --- [service-b-uuid-generator] [           main] c.e.s.service.InefficientUuidService     : Decode итерация 1: длина = 640
2025-12-12T21:48:01.434+03:00 DEBUG 12407 --- [service-b-uuid-generator] [           main] c.e.s.service.InefficientUuidService     : Decode итерация 2: длина = 480
2025-12-12T21:48:01.434+03:00 DEBUG 12407 --- [service-b-uuid-generator] [           main] c.e.s.service.InefficientUuidService     : Decode итерация 3: длина = 360
2025-12-12T21:48:01.435+03:00 DEBUG 12407 --- [service-b-uuid-generator] [           main] c.e.s.service.InefficientUuidService     : Decode итерация 4: длина = 268
2025-12-12T21:48:01.435+03:00 DEBUG 12407 --- [service-b-uuid-generator] [           main] c.e.s.service.InefficientUuidService     : Decode итерация 5: длина = 199
2025-12-12T21:48:01.435+03:00 DEBUG 12407 --- [service-b-uuid-generator] [           main] c.e.s.service.InefficientUuidService     : UUID сгенерирован: 78aa1ea29ca51ec1-766e42e4f2db1831-0000019b13e4349b-000000004d8e7a95
]]></system-out>
  </testcase>
  <testcase name="testGenerateUuidMono_ShouldTakeLongerThan100ms" classname="com.example.serviceb.service.InefficientUuidServiceTest" time="0.156">
    <system-out><![CDATA[2025-12-12T21:48:01.538+03:00 DEBUG 12407 --- [service-b-uuid-generator] [           main] c.e.s.service.InefficientUuidService     : Начинаем неоптимальную генерацию UUID
2025-12-12T21:48:01.590+03:00 DEBUG 12407 --- [service-b-uuid-generator] [           main] c.e.s.service.InefficientUuidService     : Промежуточная строка (обрезанная): 7253728615303-45301|7253733707895-37717|7253738793
2025-12-12T21:48:01.590+03:00 DEBUG 12407 --- [service-b-uuid-generator] [           main] c.e.s.service.InefficientUuidService     : Encode итерация 1: длина = 268
2025-12-12T21:48:01.590+03:00 DEBUG 12407 --- [service-b-uuid-generator] [           main] c.e.s.service.InefficientUuidService     : Encode итерация 2: длина = 360
2025-12-12T21:48:01.590+03:00 DEBUG 12407 --- [service-b-uuid-generator] [           main] c.e.s.service.InefficientUuidService     : Encode итерация 3: длина = 480
2025-12-12T21:48:01.590+03:00 DEBUG 12407 --- [service-b-uuid-generator] [           main] c.e.s.service.InefficientUuidService     : Encode итерация 4: длина = 640
2025-12-12T21:48:01.590+03:00 DEBUG 12407 --- [service-b-uuid-generator] [           main] c.e.s.service.InefficientUuidService     : Encode итерация 5: длина = 856
2025-12-12T21:48:01.591+03:00 DEBUG 12407 --- [service-b-uuid-generator] [           main] c.e.s.service.InefficientUuidService     : Decode итерация 1: длина = 640
2025-12-12T21:48:01.591+03:00 DEBUG 12407 --- [service-b-uuid-generator] [           main] c.e.s.service.InefficientUuidService     : Decode итерация 2: длина = 480
2025-12-12T21:48:01.591+03:00 DEBUG 12407 --- [service-b-uuid-generator] [           main] c.e.s.service.InefficientUuidService     : Decode итерация 3: длина = 360
2025-12-12T21:48:01.591+03:00 DEBUG 12407 --- [service-b-uuid-generator] [           main] c.e.s.service.InefficientUuidService     : Decode итерация 4: длина = 268
2025-12-12T21:48:01.591+03:00 DEBUG 12407 --- [service-b-uuid-generator] [           main] c.e.s.service.InefficientUuidService     : Decode итерация 5: длина = 199
2025-12-12T21:48:01.592+03:00 DEBUG 12407 --- [service-b-uuid-generator] [           main] c.e.s.service.InefficientUuidService     : UUID сгенерирован: c47b0446166c72a2-4d1f4ffaaa4f18ed-0000019b13e43537-00000000cf3c5d81
]]></system-out>
  </testcase>
</testsuite>